2025-10-27 16:21:27 - root - INFO - setup_logging:65 - ==================================================
2025-10-27 16:21:27 - root - INFO - setup_logging:66 - Alma Digital Title Export Application Started
2025-10-27 16:21:27 - root - INFO - setup_logging:67 - Log file: logs/alma_export_20251027_162127.log
2025-10-27 16:21:27 - root - INFO - setup_logging:68 - ==================================================
2025-10-27 16:21:27 - __main__ - INFO - <module>:798 - Application startup
2025-10-27 16:21:27 - __main__ - INFO - <module>:799 - Log file location: logs/alma_export_20251027_162127.log
2025-10-27 16:21:27 - asyncio - DEBUG - __init__:64 - Using selector: KqueueSelector
2025-10-27 16:21:27 - flet - INFO - __get_assets_dir_path:371 - Assets path configured: /Users/mcfatem/GitHub/alma-export-to-CSV/assets
2025-10-27 16:21:27 - flet - DEBUG - __init__:20 - Creating new PubSubHub instance
2025-10-27 16:21:27 - flet - DEBUG - __init__:20 - Creating new PubSubHub instance
2025-10-27 16:21:27 - flet - INFO - start:72 - Starting up UDS server on /var/folders/jc/p0y112bn30v3kkx1vfcvhczm5kr3r4/T/yphahJ4ZU5
2025-10-27 16:21:27 - flet - INFO - app_async:171 - Flet app has started...
2025-10-27 16:21:27 - flet - INFO - on_app_startup:131 - App URL: /var/folders/jc/p0y112bn30v3kkx1vfcvhczm5kr3r4/T/yphahJ4ZU5
2025-10-27 16:21:27 - flet_desktop - INFO - __locate_and_unpack_flet_view:62 - Starting Flet View app...
2025-10-27 16:21:27 - flet_desktop - INFO - __locate_and_unpack_flet_view:142 - Flet View found in: /Users/mcfatem/.flet/bin/flet-0.28.2
2025-10-27 16:21:28 - flet - DEBUG - handle_connection:88 - Connected new TCP client
2025-10-27 16:21:28 - flet - DEBUG - __on_message:121 - _on_message: {"action":"registerWebClient","payload":{"pageName":"var/folders","pageRoute":"/","pageWidth":"800.0","pageHeight":"600.0","windowWidth":"800.0","windowHeight":"628.0","windowTop":"134.0","windowLeft":"3992.0","isPWA":"false","isWeb":"false","isDebug":"false","platform":"macos","platformBrightness":"light","media":"{\"padding\":{\"top\":0.0,\"right\":0.0,\"bottom\":0.0,\"left\":0.0},\"view_padding\":{\"top\":0.0,\"right\":0.0,\"bottom\":0.0,\"left\":0.0},\"view_insets\":{\"top\":0.0,\"right\":0.0,\"bottom\":0.0,\"left\":0.0}}","sessionId":""}}
2025-10-27 16:21:28 - flet - DEBUG - __send:177 - __send: {"action":"registerWebClient","payload":{"session":{"id":"","controls":{"page":{"i":"page","t":"page","p":"","c":[],"route":"/","width":"800.0","height":"600.0","windowwidth":"800.0","windowheight":"628.0","windowtop":"134.0","windowleft":"3992.0","pwa":"false","web":"false","debug":"false","platform":"macos","platformBrightness":"light","media":"{\"padding\":{\"top\":0.0,\"right\":0.0,\"bottom\":0.0,\"left\":0.0},\"view_padding\":{\"top\":0.0,\"right\":0.0,\"bottom\":0.0,\"left\":0.0},\"view_insets\":{\"top\":0.0,\"right\":0.0,\"bottom\":0.0,\"left\":0.0}}"}}},"error":"","appInactive":false}}
2025-10-27 16:21:28 - flet - DEBUG - _process_command:85 - _process_command: get ['page', 'route'] {}
2025-10-27 16:21:28 - flet - DEBUG - _process_command:85 - _process_command: get ['page', 'pwa'] {}
2025-10-27 16:21:28 - flet - DEBUG - _process_command:85 - _process_command: get ['page', 'web'] {}
2025-10-27 16:21:28 - flet - DEBUG - _process_command:85 - _process_command: get ['page', 'debug'] {}
2025-10-27 16:21:28 - flet - DEBUG - _process_command:85 - _process_command: get ['page', 'platform'] {}
2025-10-27 16:21:28 - flet - DEBUG - _process_command:85 - _process_command: get ['page', 'platformBrightness'] {}
2025-10-27 16:21:28 - flet - DEBUG - _process_command:85 - _process_command: get ['page', 'media'] {}
2025-10-27 16:21:28 - flet - DEBUG - _process_command:85 - _process_command: get ['page', 'width'] {}
2025-10-27 16:21:28 - flet - DEBUG - _process_command:85 - _process_command: get ['page', 'height'] {}
2025-10-27 16:21:28 - flet - DEBUG - _process_command:85 - _process_command: get ['page', 'windowWidth'] {}
2025-10-27 16:21:28 - flet - DEBUG - _process_command:85 - _process_command: get ['page', 'windowHeight'] {}
2025-10-27 16:21:28 - flet - DEBUG - _process_command:85 - _process_command: get ['page', 'windowTop'] {}
2025-10-27 16:21:28 - flet - DEBUG - _process_command:85 - _process_command: get ['page', 'windowLeft'] {}
2025-10-27 16:21:28 - flet - DEBUG - _process_command:85 - _process_command: get ['page', 'clientIP'] {}
2025-10-27 16:21:28 - flet - DEBUG - _process_command:85 - _process_command: get ['page', 'clientUserAgent'] {}
2025-10-27 16:21:28 - flet - INFO - on_session_created:240 - App session started
2025-10-27 16:21:28 - __main__ - INFO - main:786 - Starting Flet application
2025-10-27 16:21:28 - __main__ - DEBUG - main:787 - Page details - title: None, theme: ThemeMode.SYSTEM
2025-10-27 16:21:28 - flet - DEBUG - __send_loop:114 - sent to TCP: 604
2025-10-27 16:21:28 - __main__.AlmaExportApp - INFO - __init__:497 - Initializing AlmaExportApp
2025-10-27 16:21:28 - flet - DEBUG - _process_command:85 - _process_command: set ['page'] {'title': 'Alma Digital Title Export to CSV'}
2025-10-27 16:21:28 - flet - DEBUG - _process_command:85 - _process_command: add [] {'to': 'page', 'at': '0'}
2025-10-27 16:21:28 - flet - DEBUG - _process_command:85 - _process_command: add [] {'to': 'page', 'at': '1'}
2025-10-27 16:21:28 - flet - DEBUG - __send:177 - __send: {"action":"pageControlsBatch","payload":[{"action":"updateControlProps","payload":{"props":[{"i":"page","title":"Alma Digital Title Export to CSV"}]}},{"action":"addPageControls","payload":{"controls":[{"t":"view","i":"_1","p":"page","c":["_2"],"at":"0","padding":"20","scroll":"adaptive"},{"t":"container","i":"_2","p":"_1","c":["_3"],"padding":"20"},{"t":"column","i":"_3","p":"_2","c":["_4","_5","_6","_7","_8","_9","_10","_13","_14","_15","_18","_19","_20","_21","_22","_23"],"horizontalalignment":"start","n":"content","spacing":"10"},{"t":"text","i":"_4","p":"_3","c":[],"color":"blue900","size":"24","value":"Alma Digital Title Export to CSV","weight":"bold"},{"t":"divider","i":"_5","p":"_3","c":[],"color":"blue200","height":"20"},{"t":"text","i":"_6","p":"_3","c":[],"color":"grey700","size":"14","value":"Load MMS IDs from CSV file and export metadata to CSV"},{"t":"container","i":"_7","p":"_3","c":[],"height":"20"},{"t":"textfield","i":"_8","p":"_3","c":[],"canrevealpassword":"true","hinttext":"Enter your Alma API key","label":"Alma API Key","password":"true","value":"l8xx948a6fc96754492f89820aa25a064b06","width":"400"},{"t":"container","i":"_9","p":"_3","c":[],"height":"10"},{"t":"row","i":"_10","p":"_3","c":["_11","_12"],"spacing":"10"},{"t":"textfield","i":"_11","p":"_10","c":[],"hinttext":"No file selected","label":"MMS ID CSV File","readonly":"true","width":"400"},{"t":"elevatedbutton","i":"_12","p":"_10","c":[],"icon":"folder_open","style":"{\"padding\":{},\"side\":{},\"shape\":{},\"text_style\":{}}","text":"Select CSV File"},{"t":"container","i":"_13","p":"_3","c":[],"height":"10"},{"t":"checkbox","i":"_14","p":"_3","c":[],"label":"Limit number of rows to process","value":"false"},{"t":"row","i":"_15","p":"_3","c":["_16","_17"],"spacing":"10"},{"t":"textfield","i":"_16","p":"_15","c":[],"disabled":"true","hinttext":"Enter number","keyboardtype":"number","label":"Number of rows","value":"10","width":"150"},{"t":"text","i":"_17","p":"_15","c":[],"color":"grey600","size":"12","value":"(Leave unchecked to process all rows)"},{"t":"container","i":"_18","p":"_3","c":[],"height":"10"},{"t":"elevatedbutton","i":"_19","p":"_3","c":[],"icon":"download","style":"{\"padding\":{},\"side\":{},\"shape\":{},\"text_style\":{}}","text":"Export Records"},{"t":"progressbar","i":"_20","p":"_3","c":[],"visible":"false","width":"400"},{"t":"container","i":"_21","p":"_3","c":[],"height":"20"},{"t":"text","i":"_22","p":"_3","c":[],"color":"blue700","size":"14"},{"t":"text","i":"_23","p":"_3","c":[],"selectable":"true","size":"14"}],"trimIDs":[]}},{"action":"addPageControls","payload":{"controls":[{"t":"offstage","i":"_24","p":"page","c":["_25"],"at":"1"},{"t":"filepicker","i":"_25","p":"_24","c":[],"upload":"[]"}],"trimIDs":[]}}]}
2025-10-27 16:21:28 - __main__ - INFO - main:791 - Application initialized successfully
2025-10-27 16:21:28 - flet - DEBUG - __send_loop:114 - sent to TCP: 2766
2025-10-27 16:21:32 - flet - DEBUG - __on_message:121 - _on_message: {"action":"pageEventFromWeb","payload":{"eventTarget":"_12","eventName":"click","eventData":null}}
2025-10-27 16:21:32 - flet - DEBUG - on_event_async:856 - page.on_event_async: _12 click None
2025-10-27 16:21:32 - flet - DEBUG - _process_command:85 - _process_command: set ['_25'] {'allowedextensions': '["csv"]', 'allowmultiple': 'false', 'dialogtitle': 'Select CSV file with MMS IDs', 'filetype': 'any', 'state': 'pickFiles'}
2025-10-27 16:21:32 - flet - DEBUG - __send:177 - __send: {"action":"pageControlsBatch","payload":[{"action":"updateControlProps","payload":{"props":[{"i":"_25","allowedextensions":"[\"csv\"]","allowmultiple":"false","dialogtitle":"Select CSV file with MMS IDs","filetype":"any","state":"pickFiles"}]}}]}
2025-10-27 16:21:32 - flet - DEBUG - __send_loop:114 - sent to TCP: 250
2025-10-27 16:21:36 - flet - DEBUG - __on_message:121 - _on_message: {"action":"updateControlProps","payload":{"props":[{"i":"_25","state":""}]}}
2025-10-27 16:21:36 - flet - DEBUG - __on_message:121 - _on_message: {"action":"pageEventFromWeb","payload":{"eventTarget":"_25","eventName":"result","eventData":"{\"path\":null,\"files\":[{\"id\":0,\"name\":\"All-Digital-Items-MMS_ID-with-File-Internal-Path.csv\",\"path\":\"/Users/mcfatem/GitHub/alma-export-to-CSV/All-Digital-Items-MMS_ID-with-File-Internal-Path.csv\",\"size\":3332844}]}"}}
2025-10-27 16:21:36 - flet - DEBUG - on_event_async:856 - page.on_event_async: page change [{"i":"_25","state":""}]
2025-10-27 16:21:36 - flet - DEBUG - on_event_async:856 - page.on_event_async: _25 result {"path":null,"files":[{"id":0,"name":"All-Digital-Items-MMS_ID-with-File-Internal-Path.csv","path":"/Users/mcfatem/GitHub/alma-export-to-CSV/All-Digital-Items-MMS_ID-with-File-Internal-Path.csv","size":3332844}]}
2025-10-27 16:21:36 - __main__.AlmaExportApp - INFO - on_file_picked:644 - CSV file selected: /Users/mcfatem/GitHub/alma-export-to-CSV/All-Digital-Items-MMS_ID-with-File-Internal-Path.csv
2025-10-27 16:21:36 - __main__.AlmaExportApp - INFO - show_info:777 - Displaying info to user: Selected file: All-Digital-Items-MMS_ID-with-File-Internal-Path.csv
2025-10-27 16:21:36 - flet - DEBUG - _process_command:85 - _process_command: set ['_11'] {'value': 'All-Digital-Items-MMS_ID-with-File-Internal-Path.csv'}
2025-10-27 16:21:36 - flet - DEBUG - _process_command:85 - _process_command: set ['_22'] {'value': 'ℹ️ Selected file: All-Digital-Items-MMS_ID-with-File-Internal-Path.csv'}
2025-10-27 16:21:36 - flet - DEBUG - __send:177 - __send: {"action":"pageControlsBatch","payload":[{"action":"updateControlProps","payload":{"props":[{"i":"_11","value":"All-Digital-Items-MMS_ID-with-File-Internal-Path.csv"}]}},{"action":"updateControlProps","payload":{"props":[{"i":"_22","value":"\u2139\ufe0f Selected file: All-Digital-Items-MMS_ID-with-File-Internal-Path.csv"}]}}]}
2025-10-27 16:21:36 - flet - DEBUG - __send_loop:114 - sent to TCP: 332
2025-10-27 16:21:36 - flet - DEBUG - __on_message:121 - _on_message: {"action":"updateControlProps","payload":{"props":[{"i":"page","windowwidth":"800.0","windowheight":"628.0","windowtop":"134.0","windowleft":"3992.0","windowminimized":"false","windowmaximized":"false","windowfocused":"true","windowfullscreen":"false"}]}}
2025-10-27 16:21:36 - flet - DEBUG - __on_message:121 - _on_message: {"action":"pageEventFromWeb","payload":{"eventTarget":"page","eventName":"window_event","eventData":"blur"}}
2025-10-27 16:21:36 - flet - DEBUG - on_event_async:856 - page.on_event_async: page change [{"i":"page","windowwidth":"800.0","windowheight":"628.0","windowtop":"134.0","windowleft":"3992.0","windowminimized":"false","windowmaximized":"false","windowfocused":"true","windowfullscreen":"false"}]
2025-10-27 16:21:36 - flet - DEBUG - on_event_async:856 - page.on_event_async: page window_event blur
2025-10-27 16:21:36 - flet - DEBUG - __on_message:121 - _on_message: {"action":"updateControlProps","payload":{"props":[{"i":"page","windowwidth":"800.0","windowheight":"628.0","windowtop":"134.0","windowleft":"3992.0","windowminimized":"false","windowmaximized":"false","windowfocused":"true","windowfullscreen":"false"}]}}
2025-10-27 16:21:36 - flet - DEBUG - __on_message:121 - _on_message: {"action":"pageEventFromWeb","payload":{"eventTarget":"page","eventName":"window_event","eventData":"focus"}}
2025-10-27 16:21:36 - flet - DEBUG - on_event_async:856 - page.on_event_async: page change [{"i":"page","windowwidth":"800.0","windowheight":"628.0","windowtop":"134.0","windowleft":"3992.0","windowminimized":"false","windowmaximized":"false","windowfocused":"true","windowfullscreen":"false"}]
2025-10-27 16:21:36 - flet - DEBUG - on_event_async:856 - page.on_event_async: page window_event focus
2025-10-27 16:21:38 - flet - DEBUG - __on_message:121 - _on_message: {"action":"updateControlProps","payload":{"props":[{"i":"_14","value":"true"}]}}
2025-10-27 16:21:38 - flet - DEBUG - __on_message:121 - _on_message: {"action":"pageEventFromWeb","payload":{"eventTarget":"_14","eventName":"change","eventData":"true"}}
2025-10-27 16:21:38 - flet - DEBUG - on_event_async:856 - page.on_event_async: page change [{"i":"_14","value":"true"}]
2025-10-27 16:21:38 - flet - DEBUG - on_event_async:856 - page.on_event_async: _14 change true
2025-10-27 16:21:38 - flet - DEBUG - _process_command:85 - _process_command: set ['_16'] {'disabled': 'false'}
2025-10-27 16:21:38 - flet - DEBUG - __send:177 - __send: {"action":"pageControlsBatch","payload":[{"action":"updateControlProps","payload":{"props":[{"i":"_16","disabled":"false"}]}}]}
2025-10-27 16:21:38 - flet - DEBUG - __send_loop:114 - sent to TCP: 131
2025-10-27 16:21:38 - flet - DEBUG - __on_message:121 - _on_message: {"action":"pageEventFromWeb","payload":{"eventTarget":"_16","eventName":"blur","eventData":null}}
2025-10-27 16:21:38 - flet - DEBUG - on_event_async:856 - page.on_event_async: _16 blur None
2025-10-27 16:21:40 - flet - DEBUG - __on_message:121 - _on_message: {"action":"pageEventFromWeb","payload":{"eventTarget":"_19","eventName":"click","eventData":null}}
2025-10-27 16:21:40 - flet - DEBUG - on_event_async:856 - page.on_event_async: _19 click None
2025-10-27 16:21:40 - __main__.AlmaExportApp - INFO - export_records:654 - Export operation started
2025-10-27 16:21:40 - __main__.AlmaExportApp - DEBUG - export_records:659 - Input validation - API key length: 36, CSV file: /Users/mcfatem/GitHub/alma-export-to-CSV/All-Digital-Items-MMS_ID-with-File-Internal-Path.csv
2025-10-27 16:21:40 - __main__.AlmaExportApp - INFO - export_records:672 - Initializing Alma API client
2025-10-27 16:21:40 - __main__.AlmaAPIClient - INFO - __init__:94 - Initializing AlmaAPIClient with almapipy for region: na
2025-10-27 16:21:40 - __main__.AlmaAPIClient - INFO - __init__:96 - AlmaAPIClient initialized successfully
2025-10-27 16:21:40 - __main__.AlmaAPIClient - DEBUG - __init__:97 - API key length: 36 characters
2025-10-27 16:21:40 - flet - DEBUG - _process_command:85 - _process_command: set ['_12'] {'disabled': 'true'}
2025-10-27 16:21:40 - flet - DEBUG - _process_command:85 - _process_command: set ['_19'] {'disabled': 'true'}
2025-10-27 16:21:40 - flet - DEBUG - _process_command:85 - _process_command: set ['_20'] {'visible': 'true'}
2025-10-27 16:21:40 - flet - DEBUG - _process_command:85 - _process_command: set ['_22'] {'value': 'Reading MMS IDs from CSV file...'}
2025-10-27 16:21:40 - flet - DEBUG - __send:177 - __send: {"action":"pageControlsBatch","payload":[{"action":"updateControlProps","payload":{"props":[{"i":"_12","disabled":"true"}]}},{"action":"updateControlProps","payload":{"props":[{"i":"_19","disabled":"true"}]}},{"action":"updateControlProps","payload":{"props":[{"i":"_20","visible":"true"}]}},{"action":"updateControlProps","payload":{"props":[{"i":"_22","value":"Reading MMS IDs from CSV file..."}]}}]}
2025-10-27 16:21:40 - __main__.AlmaExportApp - INFO - export_records:685 - Starting export operation at 2025-10-27 16:21:40.033648
2025-10-27 16:21:40 - __main__.AlmaExportApp - INFO - export_records:689 - Reading MMS IDs from: /Users/mcfatem/GitHub/alma-export-to-CSV/All-Digital-Items-MMS_ID-with-File-Internal-Path.csv
2025-10-27 16:21:40 - flet - DEBUG - __send_loop:114 - sent to TCP: 406
2025-10-27 16:21:40 - __main__.AlmaAPIClient - INFO - read_mms_ids_from_csv:215 - Reading MMS IDs from CSV file: /Users/mcfatem/GitHub/alma-export-to-CSV/All-Digital-Items-MMS_ID-with-File-Internal-Path.csv
2025-10-27 16:21:40 - __main__.AlmaAPIClient - DEBUG - read_mms_ids_from_csv:232 - Using delimiter: ','
2025-10-27 16:21:40 - __main__.AlmaAPIClient - INFO - read_mms_ids_from_csv:252 - Found MMS ID column: '﻿MMS Id' at index 0
2025-10-27 16:21:40 - __main__.AlmaAPIClient - WARNING - read_mms_ids_from_csv:256 - No MMS_ID column found in headers, using first column: '﻿MMS Id'
2025-10-27 16:21:40 - flet - DEBUG - __on_message:121 - _on_message: {"action":"pageEventFromWeb","payload":{"eventTarget":"_12","eventName":"blur","eventData":null}}
2025-10-27 16:21:40 - flet - DEBUG - __on_message:121 - _on_message: {"action":"pageEventFromWeb","payload":{"eventTarget":"_19","eventName":"blur","eventData":null}}
2025-10-27 16:21:40 - flet - DEBUG - on_event_async:856 - page.on_event_async: _12 blur None
2025-10-27 16:21:40 - flet - DEBUG - on_event_async:856 - page.on_event_async: _19 blur None
2025-10-27 16:21:40 - __main__.AlmaAPIClient - INFO - read_mms_ids_from_csv:275 - Successfully read 14221 MMS IDs from CSV file
2025-10-27 16:21:40 - __main__.AlmaAPIClient - DEBUG - read_mms_ids_from_csv:277 - First 5 MMS IDs: ['991011506418804641', '991011506418804641', '991011506418804641', '991011506418804641', '991011506418804641']
2025-10-27 16:21:40 - __main__.AlmaAPIClient - DEBUG - read_mms_ids_from_csv:278 - First MMS ID details - value: '991011506418804641', length: 18, repr: '991011506418804641'
2025-10-27 16:21:40 - __main__.AlmaAPIClient - DEBUG - read_mms_ids_from_csv:281 - MMS ID 0: has_spaces=False, has_newline=False, has_tab=False
2025-10-27 16:21:40 - __main__.AlmaAPIClient - DEBUG - read_mms_ids_from_csv:281 - MMS ID 1: has_spaces=False, has_newline=False, has_tab=False
2025-10-27 16:21:40 - __main__.AlmaAPIClient - DEBUG - read_mms_ids_from_csv:281 - MMS ID 2: has_spaces=False, has_newline=False, has_tab=False
2025-10-27 16:21:40 - __main__.AlmaExportApp - INFO - export_records:697 - Found 14221 MMS IDs in CSV file
2025-10-27 16:21:40 - __main__.AlmaExportApp - INFO - export_records:705 - Limiting to first 10 rows
2025-10-27 16:21:40 - flet - DEBUG - _process_command:85 - _process_command: set ['_22'] {'value': 'Processing first 10 of 10 MMS IDs...'}
2025-10-27 16:21:40 - flet - DEBUG - __send:177 - __send: {"action":"pageControlsBatch","payload":[{"action":"updateControlProps","payload":{"props":[{"i":"_22","value":"Processing first 10 of 10 MMS IDs..."}]}}]}
2025-10-27 16:21:40 - __main__.AlmaExportApp - INFO - export_records:711 - Processing 10 MMS IDs
2025-10-27 16:21:40 - flet - DEBUG - __send_loop:114 - sent to TCP: 159
2025-10-27 16:21:40 - flet - DEBUG - _process_command:85 - _process_command: set ['_22'] {'value': 'Retrieving 10 records from Alma...'}
2025-10-27 16:21:40 - flet - DEBUG - __send:177 - __send: {"action":"pageControlsBatch","payload":[{"action":"updateControlProps","payload":{"props":[{"i":"_22","value":"Retrieving 10 records from Alma..."}]}}]}
2025-10-27 16:21:40 - __main__.AlmaExportApp - INFO - export_records:718 - Retrieving bibliographic records for 10 MMS IDs
2025-10-27 16:21:40 - flet - DEBUG - __send_loop:114 - sent to TCP: 157
2025-10-27 16:21:40 - __main__.AlmaAPIClient - INFO - get_bibs_from_mms_ids:172 - Starting retrieval of 10 bibliographic records by MMS ID
2025-10-27 16:21:40 - __main__.AlmaAPIClient - DEBUG - get_bibs_from_mms_ids:178 - Fetching record 1/10: MMS ID 991011506418804641
2025-10-27 16:21:40 - __main__.AlmaAPIClient - DEBUG - get_bib_details:113 - Original MMS ID: '991011506418804641'
2025-10-27 16:21:40 - __main__.AlmaAPIClient - DEBUG - get_bib_details:114 - Cleaned MMS ID: '991011506418804641'
2025-10-27 16:21:40 - __main__.AlmaAPIClient - DEBUG - get_bib_details:115 - MMS ID bytes: b'991011506418804641'
2025-10-27 16:21:40 - __main__.AlmaAPIClient - DEBUG - get_bib_details:116 - MMS ID length: 18, is digit: True
2025-10-27 16:21:40 - __main__.AlmaAPIClient - INFO - get_bib_details:134 - API URL: https://api-na.hosted.exlibrisgroup.com/almaws/v1/bibs/991011506418804641
2025-10-27 16:21:40 - __main__.AlmaAPIClient - INFO - get_bib_details:135 - API params: expand=p_avail,e_avail,d_avail, format=json
2025-10-27 16:21:40 - urllib3.connectionpool - DEBUG - _new_conn:1049 - Starting new HTTPS connection (1): api-na.hosted.exlibrisgroup.com:443
2025-10-27 16:21:40 - urllib3.connectionpool - DEBUG - _make_request:544 - https://api-na.hosted.exlibrisgroup.com:443 "GET /almaws/v1/bibs/991011506418804641?apikey=l8xx948a6fc96754492f89820aa25a064b06&expand=p_avail%2Ce_avail%2Cd_avail&format=json HTTP/1.1" 400 190
2025-10-27 16:21:40 - __main__.AlmaAPIClient - DEBUG - get_bib_details:138 - API response status: 400
2025-10-27 16:21:40 - __main__.AlmaAPIClient - DEBUG - get_bib_details:139 - API full URL: https://api-na.hosted.exlibrisgroup.com/almaws/v1/bibs/991011506418804641?apikey=REDACTED&expand=p_avail%2Ce_avail%2Cd_avail&format=json
2025-10-27 16:21:40 - __main__.AlmaAPIClient - ERROR - get_bib_details:142 - HTTP error for 991011506418804641: 400 - {"errorsExist":true,"errorList":{"error":[{"errorCode":"402203","errorMessage":"Input parameters mmsId 991011506418804641 is not valid.","trackingId":"E01-2710212140-XCBT4-AWAE976037044"}]}}
2025-10-27 16:21:40 - __main__.AlmaAPIClient - WARNING - get_bibs_from_mms_ids:188 - No record found for MMS ID: 991011506418804641
2025-10-27 16:21:40 - __main__.AlmaAPIClient - DEBUG - get_bibs_from_mms_ids:178 - Fetching record 2/10: MMS ID 991011506418804641
2025-10-27 16:21:40 - __main__.AlmaAPIClient - DEBUG - get_bib_details:113 - Original MMS ID: '991011506418804641'
2025-10-27 16:21:40 - __main__.AlmaAPIClient - DEBUG - get_bib_details:114 - Cleaned MMS ID: '991011506418804641'
2025-10-27 16:21:40 - __main__.AlmaAPIClient - DEBUG - get_bib_details:115 - MMS ID bytes: b'991011506418804641'
2025-10-27 16:21:40 - __main__.AlmaAPIClient - DEBUG - get_bib_details:116 - MMS ID length: 18, is digit: True
2025-10-27 16:21:40 - __main__.AlmaAPIClient - INFO - get_bib_details:134 - API URL: https://api-na.hosted.exlibrisgroup.com/almaws/v1/bibs/991011506418804641
2025-10-27 16:21:40 - __main__.AlmaAPIClient - INFO - get_bib_details:135 - API params: expand=p_avail,e_avail,d_avail, format=json
2025-10-27 16:21:40 - urllib3.connectionpool - DEBUG - _new_conn:1049 - Starting new HTTPS connection (1): api-na.hosted.exlibrisgroup.com:443
2025-10-27 16:21:41 - urllib3.connectionpool - DEBUG - _make_request:544 - https://api-na.hosted.exlibrisgroup.com:443 "GET /almaws/v1/bibs/991011506418804641?apikey=l8xx948a6fc96754492f89820aa25a064b06&expand=p_avail%2Ce_avail%2Cd_avail&format=json HTTP/1.1" 400 190
2025-10-27 16:21:41 - __main__.AlmaAPIClient - DEBUG - get_bib_details:138 - API response status: 400
2025-10-27 16:21:41 - __main__.AlmaAPIClient - DEBUG - get_bib_details:139 - API full URL: https://api-na.hosted.exlibrisgroup.com/almaws/v1/bibs/991011506418804641?apikey=REDACTED&expand=p_avail%2Ce_avail%2Cd_avail&format=json
2025-10-27 16:21:41 - __main__.AlmaAPIClient - ERROR - get_bib_details:142 - HTTP error for 991011506418804641: 400 - {"errorsExist":true,"errorList":{"error":[{"errorCode":"402203","errorMessage":"Input parameters mmsId 991011506418804641 is not valid.","trackingId":"E01-2710212141-ACATN-AWAE976037044"}]}}
2025-10-27 16:21:41 - __main__.AlmaAPIClient - WARNING - get_bibs_from_mms_ids:188 - No record found for MMS ID: 991011506418804641
2025-10-27 16:21:41 - __main__.AlmaAPIClient - DEBUG - get_bibs_from_mms_ids:178 - Fetching record 3/10: MMS ID 991011506418804641
2025-10-27 16:21:41 - __main__.AlmaAPIClient - DEBUG - get_bib_details:113 - Original MMS ID: '991011506418804641'
2025-10-27 16:21:41 - __main__.AlmaAPIClient - DEBUG - get_bib_details:114 - Cleaned MMS ID: '991011506418804641'
2025-10-27 16:21:41 - __main__.AlmaAPIClient - DEBUG - get_bib_details:115 - MMS ID bytes: b'991011506418804641'
2025-10-27 16:21:41 - __main__.AlmaAPIClient - DEBUG - get_bib_details:116 - MMS ID length: 18, is digit: True
2025-10-27 16:21:41 - __main__.AlmaAPIClient - INFO - get_bib_details:134 - API URL: https://api-na.hosted.exlibrisgroup.com/almaws/v1/bibs/991011506418804641
2025-10-27 16:21:41 - __main__.AlmaAPIClient - INFO - get_bib_details:135 - API params: expand=p_avail,e_avail,d_avail, format=json
2025-10-27 16:21:41 - urllib3.connectionpool - DEBUG - _new_conn:1049 - Starting new HTTPS connection (1): api-na.hosted.exlibrisgroup.com:443
2025-10-27 16:21:41 - urllib3.connectionpool - DEBUG - _make_request:544 - https://api-na.hosted.exlibrisgroup.com:443 "GET /almaws/v1/bibs/991011506418804641?apikey=l8xx948a6fc96754492f89820aa25a064b06&expand=p_avail%2Ce_avail%2Cd_avail&format=json HTTP/1.1" 400 191
2025-10-27 16:21:41 - __main__.AlmaAPIClient - DEBUG - get_bib_details:138 - API response status: 400
2025-10-27 16:21:41 - __main__.AlmaAPIClient - DEBUG - get_bib_details:139 - API full URL: https://api-na.hosted.exlibrisgroup.com/almaws/v1/bibs/991011506418804641?apikey=REDACTED&expand=p_avail%2Ce_avail%2Cd_avail&format=json
2025-10-27 16:21:41 - __main__.AlmaAPIClient - ERROR - get_bib_details:142 - HTTP error for 991011506418804641: 400 - {"errorsExist":true,"errorList":{"error":[{"errorCode":"402203","errorMessage":"Input parameters mmsId 991011506418804641 is not valid.","trackingId":"E02-2710212141-NQCSO-AWAE1576294508"}]}}
2025-10-27 16:21:41 - __main__.AlmaAPIClient - WARNING - get_bibs_from_mms_ids:188 - No record found for MMS ID: 991011506418804641
2025-10-27 16:21:41 - __main__.AlmaAPIClient - DEBUG - get_bibs_from_mms_ids:178 - Fetching record 4/10: MMS ID 991011506418804641
2025-10-27 16:21:41 - __main__.AlmaAPIClient - DEBUG - get_bib_details:113 - Original MMS ID: '991011506418804641'
2025-10-27 16:21:41 - __main__.AlmaAPIClient - DEBUG - get_bib_details:114 - Cleaned MMS ID: '991011506418804641'
2025-10-27 16:21:41 - __main__.AlmaAPIClient - DEBUG - get_bib_details:115 - MMS ID bytes: b'991011506418804641'
2025-10-27 16:21:41 - __main__.AlmaAPIClient - DEBUG - get_bib_details:116 - MMS ID length: 18, is digit: True
2025-10-27 16:21:41 - __main__.AlmaAPIClient - INFO - get_bib_details:134 - API URL: https://api-na.hosted.exlibrisgroup.com/almaws/v1/bibs/991011506418804641
2025-10-27 16:21:41 - __main__.AlmaAPIClient - INFO - get_bib_details:135 - API params: expand=p_avail,e_avail,d_avail, format=json
2025-10-27 16:21:41 - urllib3.connectionpool - DEBUG - _new_conn:1049 - Starting new HTTPS connection (1): api-na.hosted.exlibrisgroup.com:443
2025-10-27 16:21:41 - urllib3.connectionpool - DEBUG - _make_request:544 - https://api-na.hosted.exlibrisgroup.com:443 "GET /almaws/v1/bibs/991011506418804641?apikey=l8xx948a6fc96754492f89820aa25a064b06&expand=p_avail%2Ce_avail%2Cd_avail&format=json HTTP/1.1" 400 190
2025-10-27 16:21:41 - __main__.AlmaAPIClient - DEBUG - get_bib_details:138 - API response status: 400
2025-10-27 16:21:41 - __main__.AlmaAPIClient - DEBUG - get_bib_details:139 - API full URL: https://api-na.hosted.exlibrisgroup.com/almaws/v1/bibs/991011506418804641?apikey=REDACTED&expand=p_avail%2Ce_avail%2Cd_avail&format=json
2025-10-27 16:21:41 - __main__.AlmaAPIClient - ERROR - get_bib_details:142 - HTTP error for 991011506418804641: 400 - {"errorsExist":true,"errorList":{"error":[{"errorCode":"402203","errorMessage":"Input parameters mmsId 991011506418804641 is not valid.","trackingId":"E01-2710212141-YILM2-AWAE976037044"}]}}
2025-10-27 16:21:41 - __main__.AlmaAPIClient - WARNING - get_bibs_from_mms_ids:188 - No record found for MMS ID: 991011506418804641
2025-10-27 16:21:41 - __main__.AlmaAPIClient - DEBUG - get_bibs_from_mms_ids:178 - Fetching record 5/10: MMS ID 991011506418804641
2025-10-27 16:21:41 - __main__.AlmaAPIClient - DEBUG - get_bib_details:113 - Original MMS ID: '991011506418804641'
2025-10-27 16:21:41 - __main__.AlmaAPIClient - DEBUG - get_bib_details:114 - Cleaned MMS ID: '991011506418804641'
2025-10-27 16:21:41 - __main__.AlmaAPIClient - DEBUG - get_bib_details:115 - MMS ID bytes: b'991011506418804641'
2025-10-27 16:21:41 - __main__.AlmaAPIClient - DEBUG - get_bib_details:116 - MMS ID length: 18, is digit: True
2025-10-27 16:21:41 - __main__.AlmaAPIClient - INFO - get_bib_details:134 - API URL: https://api-na.hosted.exlibrisgroup.com/almaws/v1/bibs/991011506418804641
2025-10-27 16:21:41 - __main__.AlmaAPIClient - INFO - get_bib_details:135 - API params: expand=p_avail,e_avail,d_avail, format=json
2025-10-27 16:21:41 - urllib3.connectionpool - DEBUG - _new_conn:1049 - Starting new HTTPS connection (1): api-na.hosted.exlibrisgroup.com:443
2025-10-27 16:21:42 - urllib3.connectionpool - DEBUG - _make_request:544 - https://api-na.hosted.exlibrisgroup.com:443 "GET /almaws/v1/bibs/991011506418804641?apikey=l8xx948a6fc96754492f89820aa25a064b06&expand=p_avail%2Ce_avail%2Cd_avail&format=json HTTP/1.1" 400 191
2025-10-27 16:21:42 - __main__.AlmaAPIClient - DEBUG - get_bib_details:138 - API response status: 400
2025-10-27 16:21:42 - __main__.AlmaAPIClient - DEBUG - get_bib_details:139 - API full URL: https://api-na.hosted.exlibrisgroup.com/almaws/v1/bibs/991011506418804641?apikey=REDACTED&expand=p_avail%2Ce_avail%2Cd_avail&format=json
2025-10-27 16:21:42 - __main__.AlmaAPIClient - ERROR - get_bib_details:142 - HTTP error for 991011506418804641: 400 - {"errorsExist":true,"errorList":{"error":[{"errorCode":"402203","errorMessage":"Input parameters mmsId 991011506418804641 is not valid.","trackingId":"E02-2710212142-YCLAZ-AWAE1576294508"}]}}
2025-10-27 16:21:42 - __main__.AlmaAPIClient - WARNING - get_bibs_from_mms_ids:188 - No record found for MMS ID: 991011506418804641
2025-10-27 16:21:42 - __main__.AlmaAPIClient - DEBUG - get_bibs_from_mms_ids:178 - Fetching record 6/10: MMS ID 991011506418804641
2025-10-27 16:21:42 - __main__.AlmaAPIClient - DEBUG - get_bib_details:113 - Original MMS ID: '991011506418804641'
2025-10-27 16:21:42 - __main__.AlmaAPIClient - DEBUG - get_bib_details:114 - Cleaned MMS ID: '991011506418804641'
2025-10-27 16:21:42 - __main__.AlmaAPIClient - DEBUG - get_bib_details:115 - MMS ID bytes: b'991011506418804641'
2025-10-27 16:21:42 - __main__.AlmaAPIClient - DEBUG - get_bib_details:116 - MMS ID length: 18, is digit: True
2025-10-27 16:21:42 - __main__.AlmaAPIClient - INFO - get_bib_details:134 - API URL: https://api-na.hosted.exlibrisgroup.com/almaws/v1/bibs/991011506418804641
2025-10-27 16:21:42 - __main__.AlmaAPIClient - INFO - get_bib_details:135 - API params: expand=p_avail,e_avail,d_avail, format=json
2025-10-27 16:21:42 - urllib3.connectionpool - DEBUG - _new_conn:1049 - Starting new HTTPS connection (1): api-na.hosted.exlibrisgroup.com:443
2025-10-27 16:21:42 - urllib3.connectionpool - DEBUG - _make_request:544 - https://api-na.hosted.exlibrisgroup.com:443 "GET /almaws/v1/bibs/991011506418804641?apikey=l8xx948a6fc96754492f89820aa25a064b06&expand=p_avail%2Ce_avail%2Cd_avail&format=json HTTP/1.1" 400 191
2025-10-27 16:21:42 - __main__.AlmaAPIClient - DEBUG - get_bib_details:138 - API response status: 400
2025-10-27 16:21:42 - __main__.AlmaAPIClient - DEBUG - get_bib_details:139 - API full URL: https://api-na.hosted.exlibrisgroup.com/almaws/v1/bibs/991011506418804641?apikey=REDACTED&expand=p_avail%2Ce_avail%2Cd_avail&format=json
2025-10-27 16:21:42 - __main__.AlmaAPIClient - ERROR - get_bib_details:142 - HTTP error for 991011506418804641: 400 - {"errorsExist":true,"errorList":{"error":[{"errorCode":"402203","errorMessage":"Input parameters mmsId 991011506418804641 is not valid.","trackingId":"E02-2710212142-OVK7J-AWAE1576294508"}]}}
2025-10-27 16:21:42 - __main__.AlmaAPIClient - WARNING - get_bibs_from_mms_ids:188 - No record found for MMS ID: 991011506418804641
2025-10-27 16:21:42 - __main__.AlmaAPIClient - DEBUG - get_bibs_from_mms_ids:178 - Fetching record 7/10: MMS ID 991011506418804641
2025-10-27 16:21:42 - __main__.AlmaAPIClient - DEBUG - get_bib_details:113 - Original MMS ID: '991011506418804641'
2025-10-27 16:21:42 - __main__.AlmaAPIClient - DEBUG - get_bib_details:114 - Cleaned MMS ID: '991011506418804641'
2025-10-27 16:21:42 - __main__.AlmaAPIClient - DEBUG - get_bib_details:115 - MMS ID bytes: b'991011506418804641'
2025-10-27 16:21:42 - __main__.AlmaAPIClient - DEBUG - get_bib_details:116 - MMS ID length: 18, is digit: True
2025-10-27 16:21:42 - __main__.AlmaAPIClient - INFO - get_bib_details:134 - API URL: https://api-na.hosted.exlibrisgroup.com/almaws/v1/bibs/991011506418804641
2025-10-27 16:21:42 - __main__.AlmaAPIClient - INFO - get_bib_details:135 - API params: expand=p_avail,e_avail,d_avail, format=json
2025-10-27 16:21:42 - urllib3.connectionpool - DEBUG - _new_conn:1049 - Starting new HTTPS connection (1): api-na.hosted.exlibrisgroup.com:443
2025-10-27 16:21:42 - urllib3.connectionpool - DEBUG - _make_request:544 - https://api-na.hosted.exlibrisgroup.com:443 "GET /almaws/v1/bibs/991011506418804641?apikey=l8xx948a6fc96754492f89820aa25a064b06&expand=p_avail%2Ce_avail%2Cd_avail&format=json HTTP/1.1" 400 191
2025-10-27 16:21:42 - __main__.AlmaAPIClient - DEBUG - get_bib_details:138 - API response status: 400
2025-10-27 16:21:42 - __main__.AlmaAPIClient - DEBUG - get_bib_details:139 - API full URL: https://api-na.hosted.exlibrisgroup.com/almaws/v1/bibs/991011506418804641?apikey=REDACTED&expand=p_avail%2Ce_avail%2Cd_avail&format=json
2025-10-27 16:21:42 - __main__.AlmaAPIClient - ERROR - get_bib_details:142 - HTTP error for 991011506418804641: 400 - {"errorsExist":true,"errorList":{"error":[{"errorCode":"402203","errorMessage":"Input parameters mmsId 991011506418804641 is not valid.","trackingId":"E02-2710212142-0ET7V-AWAE1576294508"}]}}
2025-10-27 16:21:42 - __main__.AlmaAPIClient - WARNING - get_bibs_from_mms_ids:188 - No record found for MMS ID: 991011506418804641
2025-10-27 16:21:42 - __main__.AlmaAPIClient - DEBUG - get_bibs_from_mms_ids:178 - Fetching record 8/10: MMS ID 991011506418804641
2025-10-27 16:21:42 - __main__.AlmaAPIClient - DEBUG - get_bib_details:113 - Original MMS ID: '991011506418804641'
2025-10-27 16:21:42 - __main__.AlmaAPIClient - DEBUG - get_bib_details:114 - Cleaned MMS ID: '991011506418804641'
2025-10-27 16:21:42 - __main__.AlmaAPIClient - DEBUG - get_bib_details:115 - MMS ID bytes: b'991011506418804641'
2025-10-27 16:21:42 - __main__.AlmaAPIClient - DEBUG - get_bib_details:116 - MMS ID length: 18, is digit: True
2025-10-27 16:21:42 - __main__.AlmaAPIClient - INFO - get_bib_details:134 - API URL: https://api-na.hosted.exlibrisgroup.com/almaws/v1/bibs/991011506418804641
2025-10-27 16:21:42 - __main__.AlmaAPIClient - INFO - get_bib_details:135 - API params: expand=p_avail,e_avail,d_avail, format=json
2025-10-27 16:21:42 - urllib3.connectionpool - DEBUG - _new_conn:1049 - Starting new HTTPS connection (1): api-na.hosted.exlibrisgroup.com:443
2025-10-27 16:21:42 - urllib3.connectionpool - DEBUG - _make_request:544 - https://api-na.hosted.exlibrisgroup.com:443 "GET /almaws/v1/bibs/991011506418804641?apikey=l8xx948a6fc96754492f89820aa25a064b06&expand=p_avail%2Ce_avail%2Cd_avail&format=json HTTP/1.1" 400 191
2025-10-27 16:21:42 - __main__.AlmaAPIClient - DEBUG - get_bib_details:138 - API response status: 400
2025-10-27 16:21:42 - __main__.AlmaAPIClient - DEBUG - get_bib_details:139 - API full URL: https://api-na.hosted.exlibrisgroup.com/almaws/v1/bibs/991011506418804641?apikey=REDACTED&expand=p_avail%2Ce_avail%2Cd_avail&format=json
2025-10-27 16:21:42 - __main__.AlmaAPIClient - ERROR - get_bib_details:142 - HTTP error for 991011506418804641: 400 - {"errorsExist":true,"errorList":{"error":[{"errorCode":"402203","errorMessage":"Input parameters mmsId 991011506418804641 is not valid.","trackingId":"E02-2710212142-SCQNE-AWAE1576294508"}]}}
2025-10-27 16:21:42 - __main__.AlmaAPIClient - WARNING - get_bibs_from_mms_ids:188 - No record found for MMS ID: 991011506418804641
2025-10-27 16:21:42 - __main__.AlmaAPIClient - DEBUG - get_bibs_from_mms_ids:178 - Fetching record 9/10: MMS ID 991011506418904641
2025-10-27 16:21:42 - __main__.AlmaAPIClient - DEBUG - get_bib_details:113 - Original MMS ID: '991011506418904641'
2025-10-27 16:21:42 - __main__.AlmaAPIClient - DEBUG - get_bib_details:114 - Cleaned MMS ID: '991011506418904641'
2025-10-27 16:21:42 - __main__.AlmaAPIClient - DEBUG - get_bib_details:115 - MMS ID bytes: b'991011506418904641'
2025-10-27 16:21:42 - __main__.AlmaAPIClient - DEBUG - get_bib_details:116 - MMS ID length: 18, is digit: True
2025-10-27 16:21:42 - __main__.AlmaAPIClient - INFO - get_bib_details:134 - API URL: https://api-na.hosted.exlibrisgroup.com/almaws/v1/bibs/991011506418904641
2025-10-27 16:21:42 - __main__.AlmaAPIClient - INFO - get_bib_details:135 - API params: expand=p_avail,e_avail,d_avail, format=json
2025-10-27 16:21:42 - urllib3.connectionpool - DEBUG - _new_conn:1049 - Starting new HTTPS connection (1): api-na.hosted.exlibrisgroup.com:443
2025-10-27 16:21:43 - urllib3.connectionpool - DEBUG - _make_request:544 - https://api-na.hosted.exlibrisgroup.com:443 "GET /almaws/v1/bibs/991011506418904641?apikey=l8xx948a6fc96754492f89820aa25a064b06&expand=p_avail%2Ce_avail%2Cd_avail&format=json HTTP/1.1" 400 191
2025-10-27 16:21:43 - __main__.AlmaAPIClient - DEBUG - get_bib_details:138 - API response status: 400
2025-10-27 16:21:43 - __main__.AlmaAPIClient - DEBUG - get_bib_details:139 - API full URL: https://api-na.hosted.exlibrisgroup.com/almaws/v1/bibs/991011506418904641?apikey=REDACTED&expand=p_avail%2Ce_avail%2Cd_avail&format=json
2025-10-27 16:21:43 - __main__.AlmaAPIClient - ERROR - get_bib_details:142 - HTTP error for 991011506418904641: 400 - {"errorsExist":true,"errorList":{"error":[{"errorCode":"402203","errorMessage":"Input parameters mmsId 991011506418904641 is not valid.","trackingId":"E02-2710212143-C8ZAS-AWAE1576294508"}]}}
2025-10-27 16:21:43 - __main__.AlmaAPIClient - WARNING - get_bibs_from_mms_ids:188 - No record found for MMS ID: 991011506418904641
2025-10-27 16:21:43 - __main__.AlmaAPIClient - DEBUG - get_bibs_from_mms_ids:178 - Fetching record 10/10: MMS ID 991011506418904641
2025-10-27 16:21:43 - __main__.AlmaAPIClient - DEBUG - get_bib_details:113 - Original MMS ID: '991011506418904641'
2025-10-27 16:21:43 - __main__.AlmaAPIClient - DEBUG - get_bib_details:114 - Cleaned MMS ID: '991011506418904641'
2025-10-27 16:21:43 - __main__.AlmaAPIClient - DEBUG - get_bib_details:115 - MMS ID bytes: b'991011506418904641'
2025-10-27 16:21:43 - __main__.AlmaAPIClient - DEBUG - get_bib_details:116 - MMS ID length: 18, is digit: True
2025-10-27 16:21:43 - __main__.AlmaAPIClient - INFO - get_bib_details:134 - API URL: https://api-na.hosted.exlibrisgroup.com/almaws/v1/bibs/991011506418904641
2025-10-27 16:21:43 - __main__.AlmaAPIClient - INFO - get_bib_details:135 - API params: expand=p_avail,e_avail,d_avail, format=json
2025-10-27 16:21:43 - urllib3.connectionpool - DEBUG - _new_conn:1049 - Starting new HTTPS connection (1): api-na.hosted.exlibrisgroup.com:443
2025-10-27 16:21:43 - urllib3.connectionpool - DEBUG - _make_request:544 - https://api-na.hosted.exlibrisgroup.com:443 "GET /almaws/v1/bibs/991011506418904641?apikey=l8xx948a6fc96754492f89820aa25a064b06&expand=p_avail%2Ce_avail%2Cd_avail&format=json HTTP/1.1" 400 191
2025-10-27 16:21:43 - __main__.AlmaAPIClient - DEBUG - get_bib_details:138 - API response status: 400
2025-10-27 16:21:43 - __main__.AlmaAPIClient - DEBUG - get_bib_details:139 - API full URL: https://api-na.hosted.exlibrisgroup.com/almaws/v1/bibs/991011506418904641?apikey=REDACTED&expand=p_avail%2Ce_avail%2Cd_avail&format=json
2025-10-27 16:21:43 - __main__.AlmaAPIClient - ERROR - get_bib_details:142 - HTTP error for 991011506418904641: 400 - {"errorsExist":true,"errorList":{"error":[{"errorCode":"402203","errorMessage":"Input parameters mmsId 991011506418904641 is not valid.","trackingId":"E02-2710212143-V23L4-AWAE1576294508"}]}}
2025-10-27 16:21:43 - __main__.AlmaAPIClient - WARNING - get_bibs_from_mms_ids:188 - No record found for MMS ID: 991011506418904641
2025-10-27 16:21:43 - __main__.AlmaAPIClient - INFO - get_bibs_from_mms_ids:194 - Retrieval completed. Successfully retrieved: 0, Failed: 10
2025-10-27 16:21:43 - __main__.AlmaAPIClient - WARNING - get_bibs_from_mms_ids:196 - Failed MMS IDs: 991011506418804641, 991011506418804641, 991011506418804641, 991011506418804641, 991011506418804641, 991011506418804641, 991011506418804641, 991011506418804641, 991011506418904641, 991011506418904641
2025-10-27 16:21:43 - __main__.AlmaExportApp - WARNING - export_records:722 - No records retrieved from Alma
2025-10-27 16:21:43 - __main__.AlmaExportApp - ERROR - show_error:762 - Displaying error to user: No records could be retrieved from Alma
2025-10-27 16:21:43 - flet - DEBUG - _process_command:85 - _process_command: set ['_22'] {'color': 'red700', 'value': '❌ No records could be retrieved from Alma'}
2025-10-27 16:21:43 - flet - DEBUG - __send:177 - __send: {"action":"pageControlsBatch","payload":[{"action":"updateControlProps","payload":{"props":[{"i":"_22","color":"red700","value":"\u274c No records could be retrieved from Alma"}]}}]}
2025-10-27 16:21:43 - flet - DEBUG - _process_command:85 - _process_command: set ['_12'] {'disabled': 'false'}
2025-10-27 16:21:43 - flet - DEBUG - _process_command:85 - _process_command: set ['_19'] {'disabled': 'false'}
2025-10-27 16:21:43 - flet - DEBUG - _process_command:85 - _process_command: set ['_20'] {'visible': 'false'}
2025-10-27 16:21:43 - flet - DEBUG - __send:177 - __send: {"action":"pageControlsBatch","payload":[{"action":"updateControlProps","payload":{"props":[{"i":"_12","disabled":"false"}]}},{"action":"updateControlProps","payload":{"props":[{"i":"_19","disabled":"false"}]}},{"action":"updateControlProps","payload":{"props":[{"i":"_20","visible":"false"}]}}]}
2025-10-27 16:21:43 - flet - DEBUG - __send_loop:114 - sent to TCP: 186
2025-10-27 16:21:43 - __main__.AlmaExportApp - DEBUG - export_records:758 - UI reset completed
2025-10-27 16:21:43 - flet - DEBUG - __send_loop:114 - sent to TCP: 300
2025-10-27 16:21:43 - flet - DEBUG - __on_message:121 - _on_message: {"action":"pageEventFromWeb","payload":{"eventTarget":"_12","eventName":"blur","eventData":null}}
2025-10-27 16:21:43 - flet - DEBUG - __on_message:121 - _on_message: {"action":"pageEventFromWeb","payload":{"eventTarget":"_19","eventName":"blur","eventData":null}}
2025-10-27 16:21:43 - flet - DEBUG - on_event_async:856 - page.on_event_async: _12 blur None
2025-10-27 16:21:43 - flet - DEBUG - on_event_async:856 - page.on_event_async: _19 blur None
2025-10-27 16:21:45 - flet - DEBUG - __on_message:121 - _on_message: {"action":"pageEventFromWeb","payload":{"eventTarget":"page","eventName":"app_lifecycle_state_change","eventData":"inactive"}}
2025-10-27 16:21:45 - flet - DEBUG - on_event_async:856 - page.on_event_async: page app_lifecycle_state_change inactive
2025-10-27 16:21:45 - flet - DEBUG - __on_message:121 - _on_message: {"action":"updateControlProps","payload":{"props":[{"i":"page","windowwidth":"800.0","windowheight":"628.0","windowtop":"134.0","windowleft":"3992.0","windowminimized":"false","windowmaximized":"false","windowfocused":"false","windowfullscreen":"false"}]}}
2025-10-27 16:21:45 - flet - DEBUG - __on_message:121 - _on_message: {"action":"pageEventFromWeb","payload":{"eventTarget":"page","eventName":"window_event","eventData":"blur"}}
2025-10-27 16:21:45 - flet - DEBUG - on_event_async:856 - page.on_event_async: page change [{"i":"page","windowwidth":"800.0","windowheight":"628.0","windowtop":"134.0","windowleft":"3992.0","windowminimized":"false","windowmaximized":"false","windowfocused":"false","windowfullscreen":"false"}]
2025-10-27 16:21:45 - flet - DEBUG - on_event_async:856 - page.on_event_async: page window_event blur
2025-10-27 16:21:45 - flet - DEBUG - __on_message:121 - _on_message: {"action":"pageEventFromWeb","payload":{"eventTarget":"page","eventName":"app_lifecycle_state_change","eventData":"hide"}}
2025-10-27 16:21:45 - flet - DEBUG - on_event_async:856 - page.on_event_async: page app_lifecycle_state_change hide
2025-10-27 16:24:02 - flet - DEBUG - exit_gracefully:141 - Gracefully terminating Flet app...
2025-10-27 16:24:02 - flet_desktop - DEBUG - close_flet_view:53 - Flet View process 77627
2025-10-27 16:24:02 - flet - DEBUG - close:181 - Closing connection...
2025-10-27 16:24:02 - flet - DEBUG - close:183 - Disconnecting all pages...
2025-10-27 16:24:02 - flet - DEBUG - on_event_async:856 - page.on_event_async: page disconnect 
2025-10-27 16:24:02 - flet - DEBUG - close:189 - Shutting down thread pool...
2025-10-27 16:24:02 - __main__ - INFO - <module>:807 - Application shutdown
2025-10-27 16:24:02 - root - INFO - <module>:808 - ==================================================
